<?xml version="1.0" encoding="UTF-8"?>
<!-- Generated by org.testng.reporters.JUnitReportReporter -->
<testsuite skipped="0" hostname="HPDA0452" name="TestBing" tests="6" failures="0" timestamp="27 Jun 2018 07:33:01 GMT" time="27.433" errors="0">
  <testcase name="TestOpenBingTranslator" time="1.109" classname="TestBing"/>
  <testcase name="CheckMenuItemTranslator" time="25.391" classname="TestBing"/>
  <testcase name="ChooseInputLanguage" time="0.582" classname="TestBing"/>
  <testcase name="ChooseOutputLanguage" time="0.115" classname="TestBing"/>
  <testcase name="EnterTextToTranslate" time="0.194" classname="TestBing"/>
  <testcase name="GetTranslatedText" time="0.042" classname="TestBing"/>
</testsuite> <!-- TestBing -->
